<?xml version="1.0" encoding="UTF-8"?>
<!-- Generated by org.testng.reporters.JUnitXMLReporter -->
<testsuite ignored="0" hostname="PoohDoori" failures="0" tests="3" name="Submit Order Test" time="38.555" errors="0" timestamp="2026-03-27T15:00:48 EDT">
  <testcase classname="Practice.Seleniumframework.SubmitorderTest" name="submitOrder" time="9.217"/>
  <testcase classname="Practice.Seleniumframework.SubmitorderTest" name="submitOrder" time="8.84"/>
  <testcase classname="Practice.Seleniumframework.SubmitorderTest" name="orderHistorytest" time="2.055"/>
</testsuite> <!-- Submit Order Test -->
