<?xml version="1.0" encoding="UTF-8"?>
<!-- Generated by org.testng.reporters.JUnitReportReporter -->
<testsuite hostname="PoohDoori" failures="0" tests="3" name="Practice.Seleniumframework.SubmitorderTest" time="38.166" errors="0" timestamp="2026-03-27T15:00:48 EDT" skipped="0">
  <testcase classname="Practice.Seleniumframework.SubmitorderTest" name="submitOrder" time="16.499"/>
  <testcase classname="Practice.Seleniumframework.SubmitorderTest" name="submitOrder" time="14.514"/>
  <testcase classname="Practice.Seleniumframework.SubmitorderTest" name="orderHistorytest" time="7.153"/>
</testsuite> <!-- Practice.Seleniumframework.SubmitorderTest -->
